=====================
 Funkin Crash Report
=====================

Generated by: Friday Night Funkin' (V-Slice Engine) - v0.1.0
  Git hash: cd7e7df (MODIFIED)
System timestamp: 2025-10-09-16-18-02
Driver info: OpenGL Vendor=NVIDIA Corporation Version=4.6.0 NVIDIA 546.33 Renderer=NVIDIA GeForce RTX 3050 Laptop GPU/PCIe/SSE2 GLSL=4.60 NVIDIA
Platform: Windows
Render method: DRAW_TILES

=====================

HL-MNNS:
- Memory Used: 601096192 bytes
- Memory Allocated: 3745277496 bytes
- Memory Allocation Count: 111038027

=====================

Flixel Current State: funkin.play.PlayState

=====================

Haxelibs:
- FlxPartialSound git(https://github.com/FunkinCrew/FlxPartialSound.git/:4e86b724ca43489a59ea465a46ffc12598e5df15
- astc-compressor git(https://github.com/KarimAkra/astc-compressor/:b7a91b3072dc16e785a9bde847f17ba0ef15dd47
- extension-admob git(https://github.com/FunkinCrew/extension-admob/:96385202f6f951b2bde0cbe836c5da21dde1f36e
- extension-androidtools haxelib(2.2.2)
- extension-haptics haxelib(1.0.4)
- extension-iapcore haxelib(1.0.4)
- extension-iarcore haxelib(1.0.3)
- flixel git(https://github.com/FunkinCrew/flixel/:5cf3515e665812179a9b413629325b608b3a9815
- flixel-addons git(https://github.com/FunkinCrew/flixel-addons/:b9118f47f43a66bc0e5fbfcfd9903f0425e918ee
- flxanimate git(https://github.com/FunkinCrew/flxanimate/:49214278b9124823582cdcecd94f4a1de9a4b36b
- format haxelib(3.5.0)
- funkin.vis git(https://github.com/FunkinCrew/funkVis/:1966f8fbbbc509ed90d4b520f3c49c084fc92fd6
- grig.audio git(https://github.com/FunkinCrew/grig.audio/src:8567c4dad34cfeaf2ff23fe12c3796f5db80685e
- hamcrest haxelib(3.0.0)
- haxeui-core git(https://github.com/haxeui/haxeui-core/:47ee9f5fa02d422e186e844f87e68220cabfcc5b
- haxeui-flixel git(https://github.com/haxeui/haxeui-flixel/:100f2c96beab619cfe72c567a058c41c71e3e998
- hscript git(https://github.com/FunkinCrew/hscript/:8c1d238b069ef97cec13f5121b29d2afe2b8985d
- hxcpp git(https://github.com/FunkinCrew/hxcpp/:363d3d0a8d3ac450f5ba1b4c3357353656b71e82
- hxcpp-debug-server git(https://github.com/FunkinCrew/hxcpp-debugger/hxcpp-debug-server:7459934666a473a4cc4d066ba4a93ef92f1ce94c
- hxdiscord_rpc git(https://github.com/FunkinCrew/hxdiscord_rpc/:82c47ecc1a454b7dd644e4fcac7e91155f176dec
- hxjsonast git(https://github.com/nadako/hxjsonast//:20e72cc68c823496359775ac1f06500e67f189d5
- hxp haxelib(1.3.0)
- hxvlc haxelib(2.2.4)
- json2object git(https://github.com/FunkinCrew/json2object/:a8c26f18463c98da32f744c214fe02273e1823fa
- jsonpatch git(https://github.com/EliteMasterEric/jsonpatch/:f9b83215acd586dc28754b4ae7f69d4c06c3b4d3
- jsonpath git(https://github.com/EliteMasterEric/jsonpath/:7a24193717b36393458c15c0435bb7c4470ecdda
- lime git(https://github.com/FunkinCrew/lime/:f109a083023a9e5622342257993fc745d9bbb959
- newgrounds git(https://github.com/Geokureli/Newgrounds//:c8b30832027fa04f48fe6a45fa7903d5b265d56e
- openfl git(https://github.com/FunkinCrew/openfl/:e6296200292a76b5f7b8684a991ead6b05ae4507
- polymod git(https://github.com/larsiusprime/polymod/:47d9a2775e3fd8f6dd17d6f4b99b8798709da435
- thx.core git(https://github.com/fponticelli/thx.core/:2bf2b992e06159510f595554e6b952e47922f128
- thx.semver git(https://github.com/fponticelli/thx.semver/:bdb191fe7cf745c02a980749906dbf22719e200b

=====================

Loaded mods:
- funkin

=====================

FlxAtlasSprite does not have an Animation.json file at the specified path (shared:assets/shared/images/characters/abot/systemEyes)
  in funkin/graphics/adobeanimate/FlxAtlasSprite.hx#61
  in C:\HaxeToolkit\haxe\std\hl/_std/Reflect.hx#83
  in C:\HaxeToolkit\haxe\std\hl/_std/Type.hx#143
  in polymod/hscript/_internal/PolymodInterpEx.hx#109
  in hscript/Interp.hx#565
  in polymod/hscript/_internal/PolymodInterpEx.hx#812
  in hscript/Interp.hx#131
  in polymod/hscript/_internal/PolymodInterpEx.hx#385
  in hscript/Interp.hx#383
  in polymod/hscript/_internal/PolymodInterpEx.hx#812
  in hscript/Interp.hx#375
  in polymod/hscript/_internal/PolymodInterpEx.hx#812
  in hscript/Interp.hx#281
  in hscript/Interp.hx#279
  in polymod/hscript/_internal/PolymodInterpEx.hx#1241
  in hscript/Interp.hx#274
  in polymod/hscript/_internal/PolymodInterpEx.hx#1096
  in polymod/hscript/_internal/PolymodScriptClass.hx#608
  in polymod/hscript/_internal/PolymodScriptClass.hx#606
  in polymod/hscript/_internal/HScriptedClassMacro.hx#912
  in funkin/modding/events/ScriptEventDispatcher.hx#34
  in funkin/data/character/CharacterData.hx#263
  in funkin/play/PlayState.hx#1980
  in funkin/play/PlayState.hx#806
  in flixel/FlxGame.hx#588
  in flixel/FlxGame.hx#675
  in flixel/FlxGame.hx#628
  in flixel/FlxGame.hx#507
  in lime/app/Module.hx#0
  in openfl/events/EventDispatcher.hx#466
  in openfl/events/EventDispatcher.hx#464
  in openfl/display/DisplayObject.hx#1457
  in openfl/display/Stage.hx#1179
  in openfl/display/Stage.hx#1177
  in openfl/display/Stage.hx#2208
  in lime/_internal/macros/EventMacro.hx#91
  in lime/_internal/backend/native/NativeApplication.hx#392
  in lime/_internal/backend/native/NativeApplication.hx#155
  in lime/app/Application.hx#153
  in openfl/display/Application.hx#132
  in ApplicationMain.hx#137
  in ApplicationMain.hx#26

